MyExpenses/build/outputs/logs/manifest-merger-debug-report.txt
-- Merging decision tree log ---
manifest
ADDED from src\main\AndroidManifest.xml:3:1-92:12
	xmlns:tools
		ADDED from src\main\AndroidManifest.xml:4:5-51
	xmlns:android
		ADDED from src\main\AndroidManifest.xml:3:11-69
	package
		ADDED from src\main\AndroidManifest.xml:5:5-41
		INJECTED from src\main\AndroidManifest.xml
		INJECTED from src\main\AndroidManifest.xml
	android:versionName
		INJECTED from src\main\AndroidManifest.xml
		INJECTED from src\main\AndroidManifest.xml
	android:versionCode
		INJECTED from src\main\AndroidManifest.xml
		INJECTED from src\main\AndroidManifest.xml
uses-permission#android.permission.INTERNET
ADDED from src\main\AndroidManifest.xml:8:5-67
	android:name
		ADDED from src\main\AndroidManifest.xml:8:22-64
uses-permission#android.permission.ACCESS_NETWORK_STATE
ADDED from src\main\AndroidManifest.xml:9:5-79
	android:name
		ADDED from src\main\AndroidManifest.xml:9:22-76
uses-permission#android.permission.WAKE_LOCK
ADDED from src\main\AndroidManifest.xml:10:5-68
	android:name
		ADDED from src\main\AndroidManifest.xml:10:22-65
uses-permission#android.permission.VIBRATE
ADDED from src\main\AndroidManifest.xml:11:5-66
	android:name
		ADDED from src\main\AndroidManifest.xml:11:22-63
uses-permission#com.google.android.c2dm.permission.RECEIVE
ADDED from src\main\AndroidManifest.xml:12:5-82
	android:name
		ADDED from src\main\AndroidManifest.xml:12:22-79
uses-permission#android.permission.GET_ACCOUNTS
ADDED from src\main\AndroidManifest.xml:17:5-71
	android:name
		ADDED from src\main\AndroidManifest.xml:17:22-68
permission#com.vidhyasagar.myexpenses.permission.C2D_MESSAGE
ADDED from src\main\AndroidManifest.xml:23:5-25:47
	android:protectionLevel
		ADDED from src\main\AndroidManifest.xml:25:9-44
	android:name
		ADDED from src\main\AndroidManifest.xml:24:9-73
uses-permission#com.vidhyasagar.myexpenses.permission.C2D_MESSAGE
ADDED from src\main\AndroidManifest.xml:27:5-89
	android:name
		ADDED from src\main\AndroidManifest.xml:27:22-86
application
ADDED from src\main\AndroidManifest.xml:29:5-90:19
MERGED from [com.android.support:appcompat-v7:23.3.0] AndroidManifest.xml:25:5-20
MERGED from [com.android.support:support-vector-drawable:23.3.0] AndroidManifest.xml:7:5-20
MERGED from [com.android.support:support-v4:23.3.0] AndroidManifest.xml:22:5-20
MERGED from [com.android.support:animated-vector-drawable:23.3.0] AndroidManifest.xml:7:5-20
MERGED from [com.android.support:support-vector-drawable:23.3.0] AndroidManifest.xml:7:5-20
MERGED from [com.android.support:support-v4:23.3.0] AndroidManifest.xml:22:5-20
MERGED from [com.android.support:support-v4:23.3.0] AndroidManifest.xml:22:5-20
MERGED from [com.android.support:design:23.2.1] AndroidManifest.xml:22:5-20
MERGED from [com.android.support:support-v4:23.3.0] AndroidManifest.xml:22:5-20
MERGED from [com.android.support:appcompat-v7:23.3.0] AndroidManifest.xml:25:5-20
MERGED from [com.android.support:support-vector-drawable:23.3.0] AndroidManifest.xml:7:5-20
MERGED from [com.android.support:support-v4:23.3.0] AndroidManifest.xml:22:5-20
MERGED from [com.android.support:animated-vector-drawable:23.3.0] AndroidManifest.xml:7:5-20
MERGED from [com.android.support:support-vector-drawable:23.3.0] AndroidManifest.xml:7:5-20
MERGED from [com.android.support:support-v4:23.3.0] AndroidManifest.xml:22:5-20
MERGED from [com.android.support:support-v4:23.3.0] AndroidManifest.xml:22:5-20
MERGED from [com.android.support:support-v4:23.3.0] AndroidManifest.xml:22:5-20
MERGED from [com.github.michaldrabik:tapbarmenu:1.0.5] AndroidManifest.xml:11:5-15:19
MERGED from [com.android.support:appcompat-v7:23.3.0] AndroidManifest.xml:25:5-20
MERGED from [com.android.support:support-vector-drawable:23.3.0] AndroidManifest.xml:7:5-20
MERGED from [com.android.support:support-v4:23.3.0] AndroidManifest.xml:22:5-20
MERGED from [com.android.support:animated-vector-drawable:23.3.0] AndroidManifest.xml:7:5-20
MERGED from [com.android.support:support-vector-drawable:23.3.0] AndroidManifest.xml:7:5-20
MERGED from [com.android.support:support-v4:23.3.0] AndroidManifest.xml:22:5-20
MERGED from [com.android.support:support-v4:23.3.0] AndroidManifest.xml:22:5-20
MERGED from [com.android.support:appcompat-v7:23.3.0] AndroidManifest.xml:25:5-20
MERGED from [com.android.support:support-vector-drawable:23.3.0] AndroidManifest.xml:7:5-20
MERGED from [com.android.support:support-v4:23.3.0] AndroidManifest.xml:22:5-20
MERGED from [com.android.support:animated-vector-drawable:23.3.0] AndroidManifest.xml:7:5-20
MERGED from [com.android.support:support-vector-drawable:23.3.0] AndroidManifest.xml:7:5-20
MERGED from [com.android.support:support-v4:23.3.0] AndroidManifest.xml:22:5-20
MERGED from [com.android.support:support-v4:23.3.0] AndroidManifest.xml:22:5-20
MERGED from [com.github.afollestad.material-dialogs:core:0.8.5.8] AndroidManifest.xml:13:5-20
MERGED from [com.android.support:support-v4:23.3.0] AndroidManifest.xml:22:5-20
MERGED from [com.android.support:appcompat-v7:23.3.0] AndroidManifest.xml:25:5-20
MERGED from [com.android.support:support-vector-drawable:23.3.0] AndroidManifest.xml:7:5-20
MERGED from [com.android.support:support-v4:23.3.0] AndroidManifest.xml:22:5-20
MERGED from [com.android.support:animated-vector-drawable:23.3.0] AndroidManifest.xml:7:5-20
MERGED from [com.android.support:support-vector-drawable:23.3.0] AndroidManifest.xml:7:5-20
MERGED from [com.android.support:support-v4:23.3.0] AndroidManifest.xml:22:5-20
MERGED from [com.android.support:support-v4:23.3.0] AndroidManifest.xml:22:5-20
MERGED from [com.android.support:support-v4:23.3.0] AndroidManifest.xml:22:5-20
MERGED from [com.android.support:appcompat-v7:23.3.0] AndroidManifest.xml:25:5-20
MERGED from [com.android.support:support-vector-drawable:23.3.0] AndroidManifest.xml:7:5-20
MERGED from [com.android.support:support-v4:23.3.0] AndroidManifest.xml:22:5-20
MERGED from [com.android.support:animated-vector-drawable:23.3.0] AndroidManifest.xml:7:5-20
MERGED from [com.android.support:support-vector-drawable:23.3.0] AndroidManifest.xml:7:5-20
MERGED from [com.android.support:support-v4:23.3.0] AndroidManifest.xml:22:5-20
MERGED from [com.android.support:support-v4:23.3.0] AndroidManifest.xml:22:5-20
MERGED from [com.android.support:support-v4:23.3.0] AndroidManifest.xml:22:5-20
MERGED from [com.android.support:support-v4:23.3.0] AndroidManifest.xml:22:5-20
	android:supportsRtl
		ADDED from [com.github.michaldrabik:tapbarmenu:1.0.5] AndroidManifest.xml:14:9-35
	android:label
		ADDED from src\main\AndroidManifest.xml:33:9-41
	android:allowBackup
		ADDED from src\main\AndroidManifest.xml:31:9-35
	android:icon
		ADDED from src\main\AndroidManifest.xml:32:9-53
	android:theme
		ADDED from src\main\AndroidManifest.xml:34:9-40
	tools:replace
		ADDED from src\main\AndroidManifest.xml:29:18-60
	android:name
		ADDED from src\main\AndroidManifest.xml:30:9-40
meta-data#com.parse.APPLICATION_ID
ADDED from src\main\AndroidManifest.xml:35:9-37:52
	android:name
		ADDED from src\main\AndroidManifest.xml:36:13-52
	android:value
		ADDED from src\main\AndroidManifest.xml:37:13-49
meta-data#com.parse.CLIENT_KEY
ADDED from src\main\AndroidManifest.xml:38:9-40:56
	android:name
		ADDED from src\main\AndroidManifest.xml:39:13-48
	android:value
		ADDED from src\main\AndroidManifest.xml:40:13-53
activity#com.vidhyasagar.myexpenses.SplashActivity
ADDED from src\main\AndroidManifest.xml:42:9-51:20
	android:label
		ADDED from src\main\AndroidManifest.xml:44:13-45
	android:theme
		ADDED from src\main\AndroidManifest.xml:45:13-56
	android:name
		ADDED from src\main\AndroidManifest.xml:43:13-43
intent-filter#android.intent.action.MAIN+android.intent.category.LAUNCHER
ADDED from src\main\AndroidManifest.xml:46:13-50:29
action#android.intent.action.MAIN
ADDED from src\main\AndroidManifest.xml:47:17-69
	android:name
		ADDED from src\main\AndroidManifest.xml:47:25-66
category#android.intent.category.LAUNCHER
ADDED from src\main\AndroidManifest.xml:49:17-77
	android:name
		ADDED from src\main\AndroidManifest.xml:49:27-74
service#com.parse.PushService
ADDED from src\main\AndroidManifest.xml:54:9-57
	android:name
		ADDED from src\main\AndroidManifest.xml:54:18-54
receiver#com.parse.ParsePushBroadcastReceiver
ADDED from src\main\AndroidManifest.xml:56:9-64:20
	android:exported
		ADDED from src\main\AndroidManifest.xml:58:13-37
	android:name
		ADDED from src\main\AndroidManifest.xml:57:13-64
intent-filter#com.parse.push.intent.DELETE+com.parse.push.intent.OPEN+com.parse.push.intent.RECEIVE
ADDED from src\main\AndroidManifest.xml:59:13-63:29
action#com.parse.push.intent.RECEIVE
ADDED from src\main\AndroidManifest.xml:60:17-72
	android:name
		ADDED from src\main\AndroidManifest.xml:60:25-69
action#com.parse.push.intent.DELETE
ADDED from src\main\AndroidManifest.xml:61:17-71
	android:name
		ADDED from src\main\AndroidManifest.xml:61:25-68
action#com.parse.push.intent.OPEN
ADDED from src\main\AndroidManifest.xml:62:17-69
	android:name
		ADDED from src\main\AndroidManifest.xml:62:25-66
receiver#com.parse.GcmBroadcastReceiver
ADDED from src\main\AndroidManifest.xml:65:9-75:20
	android:permission
		ADDED from src\main\AndroidManifest.xml:67:13-73
	android:name
		ADDED from src\main\AndroidManifest.xml:66:13-58
intent-filter#com.google.android.c2dm.intent.RECEIVE+com.google.android.c2dm.intent.REGISTRATION+com.vidhyasagar.myexpenses
ADDED from src\main\AndroidManifest.xml:68:13-74:29
action#com.google.android.c2dm.intent.RECEIVE
ADDED from src\main\AndroidManifest.xml:69:17-81
	android:name
		ADDED from src\main\AndroidManifest.xml:69:25-78
action#com.google.android.c2dm.intent.REGISTRATION
ADDED from src\main\AndroidManifest.xml:70:17-86
	android:name
		ADDED from src\main\AndroidManifest.xml:70:25-83
category#com.vidhyasagar.myexpenses
ADDED from src\main\AndroidManifest.xml:73:17-71
	android:name
		ADDED from src\main\AndroidManifest.xml:73:27-68
meta-data#com.parse.push.gcm_sender_id
ADDED from src\main\AndroidManifest.xml:78:9-80:47
	android:name
		ADDED from src\main\AndroidManifest.xml:79:13-56
	android:value
		ADDED from src\main\AndroidManifest.xml:80:13-44
activity#com.vidhyasagar.myexpenses.MainActivity
ADDED from src\main\AndroidManifest.xml:81:9-85:59
	android:windowSoftInputMode
		ADDED from src\main\AndroidManifest.xml:84:13-52
	android:label
		ADDED from src\main\AndroidManifest.xml:83:13-61
	android:theme
		ADDED from src\main\AndroidManifest.xml:85:13-56
	android:name
		ADDED from src\main\AndroidManifest.xml:82:13-41
activity#com.vidhyasagar.myexpenses.LoginScreen
ADDED from src\main\AndroidManifest.xml:86:9-89:58
	android:label
		ADDED from src\main\AndroidManifest.xml:88:13-64
	android:theme
		ADDED from src\main\AndroidManifest.xml:89:13-56
	android:name
		ADDED from src\main\AndroidManifest.xml:87:13-40
uses-sdk
INJECTED from src\main\AndroidManifest.xml reason: use-sdk injection requested
MERGED from [com.android.support:appcompat-v7:23.3.0] AndroidManifest.xml:21:5-23:78
MERGED from [com.android.support:support-vector-drawable:23.3.0] AndroidManifest.xml:5:5-43
MERGED from [com.android.support:support-v4:23.3.0] AndroidManifest.xml:20:5-43
MERGED from [com.android.support:animated-vector-drawable:23.3.0] AndroidManifest.xml:5:5-44
MERGED from [com.android.support:support-vector-drawable:23.3.0] AndroidManifest.xml:5:5-43
MERGED from [com.android.support:support-v4:23.3.0] AndroidManifest.xml:20:5-43
MERGED from [com.android.support:support-v4:23.3.0] AndroidManifest.xml:20:5-43
MERGED from [com.android.support:design:23.2.1] AndroidManifest.xml:20:5-43
MERGED from [com.android.support:support-v4:23.3.0] AndroidManifest.xml:20:5-43
MERGED from [com.android.support:appcompat-v7:23.3.0] AndroidManifest.xml:21:5-23:78
MERGED from [com.android.support:support-vector-drawable:23.3.0] AndroidManifest.xml:5:5-43
MERGED from [com.android.support:support-v4:23.3.0] AndroidManifest.xml:20:5-43
MERGED from [com.android.support:animated-vector-drawable:23.3.0] AndroidManifest.xml:5:5-44
MERGED from [com.android.support:support-vector-drawable:23.3.0] AndroidManifest.xml:5:5-43
MERGED from [com.android.support:support-v4:23.3.0] AndroidManifest.xml:20:5-43
MERGED from [com.android.support:support-v4:23.3.0] AndroidManifest.xml:20:5-43
MERGED from [com.android.support:recyclerview-v7:23.3.0] AndroidManifest.xml:20:5-43
MERGED from [com.android.support:support-v4:23.3.0] AndroidManifest.xml:20:5-43
MERGED from [com.github.michaldrabik:tapbarmenu:1.0.5] AndroidManifest.xml:7:5-9:41
MERGED from [com.android.support:appcompat-v7:23.3.0] AndroidManifest.xml:21:5-23:78
MERGED from [com.android.support:support-vector-drawable:23.3.0] AndroidManifest.xml:5:5-43
MERGED from [com.android.support:support-v4:23.3.0] AndroidManifest.xml:20:5-43
MERGED from [com.android.support:animated-vector-drawable:23.3.0] AndroidManifest.xml:5:5-44
MERGED from [com.android.support:support-vector-drawable:23.3.0] AndroidManifest.xml:5:5-43
MERGED from [com.android.support:support-v4:23.3.0] AndroidManifest.xml:20:5-43
MERGED from [com.android.support:support-v4:23.3.0] AndroidManifest.xml:20:5-43
MERGED from [com.wnafee:vector-compat:1.0.5] AndroidManifest.xml:7:5-9:41
MERGED from [com.android.support:appcompat-v7:23.3.0] AndroidManifest.xml:21:5-23:78
MERGED from [com.android.support:support-vector-drawable:23.3.0] AndroidManifest.xml:5:5-43
MERGED from [com.android.support:support-v4:23.3.0] AndroidManifest.xml:20:5-43
MERGED from [com.android.support:animated-vector-drawable:23.3.0] AndroidManifest.xml:5:5-44
MERGED from [com.android.support:support-vector-drawable:23.3.0] AndroidManifest.xml:5:5-43
MERGED from [com.android.support:support-v4:23.3.0] AndroidManifest.xml:20:5-43
MERGED from [com.android.support:support-v4:23.3.0] AndroidManifest.xml:20:5-43
MERGED from [com.github.afollestad.material-dialogs:core:0.8.5.8] AndroidManifest.xml:8:5-11:75
MERGED from [com.android.support:recyclerview-v7:23.3.0] AndroidManifest.xml:20:5-43
MERGED from [com.android.support:support-v4:23.3.0] AndroidManifest.xml:20:5-43
MERGED from [me.zhanghai.android.materialprogressbar:library:1.1.5] AndroidManifest.xml:12:5-14:41
MERGED from [com.android.support:appcompat-v7:23.3.0] AndroidManifest.xml:21:5-23:78
MERGED from [com.android.support:support-vector-drawable:23.3.0] AndroidManifest.xml:5:5-43
MERGED from [com.android.support:support-v4:23.3.0] AndroidManifest.xml:20:5-43
MERGED from [com.android.support:animated-vector-drawable:23.3.0] AndroidManifest.xml:5:5-44
MERGED from [com.android.support:support-vector-drawable:23.3.0] AndroidManifest.xml:5:5-43
MERGED from [com.android.support:support-v4:23.3.0] AndroidManifest.xml:20:5-43
MERGED from [com.android.support:support-v4:23.3.0] AndroidManifest.xml:20:5-43
MERGED from [com.android.support:support-v4:23.3.0] AndroidManifest.xml:20:5-43
MERGED from [com.android.support:appcompat-v7:23.3.0] AndroidManifest.xml:21:5-23:78
MERGED from [com.android.support:support-vector-drawable:23.3.0] AndroidManifest.xml:5:5-43
MERGED from [com.android.support:support-v4:23.3.0] AndroidManifest.xml:20:5-43
MERGED from [com.android.support:animated-vector-drawable:23.3.0] AndroidManifest.xml:5:5-44
MERGED from [com.android.support:support-vector-drawable:23.3.0] AndroidManifest.xml:5:5-43
MERGED from [com.android.support:support-v4:23.3.0] AndroidManifest.xml:20:5-43
MERGED from [com.android.support:support-v4:23.3.0] AndroidManifest.xml:20:5-43
MERGED from [com.android.support:recyclerview-v7:23.3.0] AndroidManifest.xml:20:5-43
MERGED from [com.android.support:support-v4:23.3.0] AndroidManifest.xml:20:5-43
MERGED from [com.android.support:support-v4:23.3.0] AndroidManifest.xml:20:5-43
MERGED from [com.daimajia.swipelayout:library:1.2.0] AndroidManifest.xml:6:5-8:41
	android:targetSdkVersion
		INJECTED from src\main\AndroidManifest.xml
		INJECTED from src\main\AndroidManifest.xml
	android:minSdkVersion
		INJECTED from src\main\AndroidManifest.xml
		INJECTED from src\main\AndroidManifest.xml
	tools:overrideLibrary
		ADDED from [com.android.support:appcompat-v7:23.3.0] AndroidManifest.xml:23:9-75